<?xml version="1.0" encoding="UTF-8"?>
<testng-results ignored="0" total="10" passed="9" failed="1" skipped="0">
  <reporter-output>
  </reporter-output>
  <suite started-at="2025-09-17T16:40:28 PKT" name="Surefire suite" finished-at="2025-09-17T16:40:40 PKT" duration-ms="12126">
    <groups>
      <group name="regression">
        <method signature="LoginTest.testLoginPageDisplayed()[pri:1, instance:tests.LoginTest@49d904ec]" name="testLoginPageDisplayed" class="tests.LoginTest"/>
        <method signature="LoginTest.testLoginWithInvalidUsername()[pri:2, instance:tests.LoginTest@49d904ec]" name="testLoginWithInvalidUsername" class="tests.LoginTest"/>
        <method signature="LoginTest.testLoginWithInvalidPassword()[pri:3, instance:tests.LoginTest@49d904ec]" name="testLoginWithInvalidPassword" class="tests.LoginTest"/>
        <method signature="LoginTest.testLoginWithEmptyUsername()[pri:4, instance:tests.LoginTest@49d904ec]" name="testLoginWithEmptyUsername" class="tests.LoginTest"/>
        <method signature="LoginTest.testLoginWithEmptyPassword()[pri:5, instance:tests.LoginTest@49d904ec]" name="testLoginWithEmptyPassword" class="tests.LoginTest"/>
        <method signature="LoginTest.testLoginWithEmptyFields()[pri:6, instance:tests.LoginTest@49d904ec]" name="testLoginWithEmptyFields" class="tests.LoginTest"/>
        <method signature="LoginTest.testLoginWithLongInput()[pri:7, instance:tests.LoginTest@49d904ec]" name="testLoginWithLongInput" class="tests.LoginTest"/>
        <method signature="LoginTest.testLoginWithValidCredentials()[pri:8, instance:tests.LoginTest@49d904ec]" name="testLoginWithValidCredentials" class="tests.LoginTest"/>
      </group> <!-- regression -->
    </groups>
    <test started-at="2025-09-17T16:40:28 PKT" name="Surefire test" finished-at="2025-09-17T16:40:40 PKT" duration-ms="12126">
      <class name="tests.LoginTest">
        <test-method is-config="true" signature="setUpClass()[pri:0, instance:tests.LoginTest@49d904ec]" started-at="2025-09-17T16:40:28 PKT" name="setUpClass" finished-at="2025-09-17T16:40:30 PKT" duration-ms="1831" status="PASS">
          <reporter-output>
          </reporter-output>
        </test-method> <!-- setUpClass -->
        <test-method signature="testLoginPageDisplayed()[pri:1, instance:tests.LoginTest@49d904ec]" started-at="2025-09-17T16:40:30 PKT" name="testLoginPageDisplayed" finished-at="2025-09-17T16:40:31 PKT" duration-ms="1075" status="PASS">
          <reporter-output>
          </reporter-output>
        </test-method> <!-- testLoginPageDisplayed -->
        <test-method signature="testLoginWithInvalidUsername()[pri:2, instance:tests.LoginTest@49d904ec]" started-at="2025-09-17T16:40:31 PKT" name="testLoginWithInvalidUsername" finished-at="2025-09-17T16:40:31 PKT" duration-ms="235" status="PASS">
          <reporter-output>
          </reporter-output>
        </test-method> <!-- testLoginWithInvalidUsername -->
        <test-method signature="testLoginWithInvalidPassword()[pri:3, instance:tests.LoginTest@49d904ec]" started-at="2025-09-17T16:40:31 PKT" name="testLoginWithInvalidPassword" finished-at="2025-09-17T16:40:31 PKT" duration-ms="606" status="PASS">
          <reporter-output>
          </reporter-output>
        </test-method> <!-- testLoginWithInvalidPassword -->
        <test-method signature="testLoginWithEmptyUsername()[pri:4, instance:tests.LoginTest@49d904ec]" started-at="2025-09-17T16:40:31 PKT" name="testLoginWithEmptyUsername" finished-at="2025-09-17T16:40:32 PKT" duration-ms="177" status="PASS">
          <reporter-output>
          </reporter-output>
        </test-method> <!-- testLoginWithEmptyUsername -->
        <test-method signature="testLoginWithEmptyPassword()[pri:5, instance:tests.LoginTest@49d904ec]" started-at="2025-09-17T16:40:32 PKT" name="testLoginWithEmptyPassword" finished-at="2025-09-17T16:40:32 PKT" duration-ms="179" status="PASS">
          <reporter-output>
          </reporter-output>
        </test-method> <!-- testLoginWithEmptyPassword -->
        <test-method signature="testLoginWithEmptyFields()[pri:6, instance:tests.LoginTest@49d904ec]" started-at="2025-09-17T16:40:32 PKT" name="testLoginWithEmptyFields" finished-at="2025-09-17T16:40:32 PKT" duration-ms="166" status="PASS">
          <reporter-output>
          </reporter-output>
        </test-method> <!-- testLoginWithEmptyFields -->
        <test-method signature="testLoginWithLongInput()[pri:7, instance:tests.LoginTest@49d904ec]" started-at="2025-09-17T16:40:32 PKT" name="testLoginWithLongInput" finished-at="2025-09-17T16:40:32 PKT" duration-ms="307" status="PASS">
          <reporter-output>
          </reporter-output>
        </test-method> <!-- testLoginWithLongInput -->
        <test-method signature="testLoginWithValidCredentials()[pri:8, instance:tests.LoginTest@49d904ec]" started-at="2025-09-17T16:40:32 PKT" name="testLoginWithValidCredentials" finished-at="2025-09-17T16:40:33 PKT" duration-ms="667" status="FAIL">
          <exception class="org.openqa.selenium.NoSuchElementException">
            <message>
              <![CDATA[no such element: Unable to locate element: {"method":"css selector","selector":"#login\-button"}
  (Session info: chrome=140.0.7339.128)
For documentation on this error, please visit: https://www.selenium.dev/documentation/webdriver/troubleshooting/errors#no-such-element-exception
Build info: version: '4.21.0', revision: '79ed462ef4'
System info: os.name: 'Windows 11', os.arch: 'amd64', os.version: '10.0', java.version: '23.0.1'
Driver info: org.openqa.selenium.chrome.ChromeDriver
Command: [25a25d21cd9035f6cd109a61388ac86e, findElement {using=id, value=login-button}]
Capabilities {acceptInsecureCerts: false, browserName: chrome, browserVersion: 140.0.7339.128, chrome: {chromedriverVersion: 140.0.7339.82 (bc93617e21c3..., userDataDir: C:\Users\ANSIB~1.RAZ\AppDat...}, fedcm:accounts: true, goog:chromeOptions: {debuggerAddress: localhost:53360}, networkConnectionEnabled: false, pageLoadStrategy: normal, platformName: windows, proxy: Proxy(), se:cdp: ws://localhost:53360/devtoo..., se:cdpVersion: 140.0.7339.128, setWindowRect: true, strictFileInteractability: false, timeouts: {implicit: 0, pageLoad: 300000, script: 30000}, unhandledPromptBehavior: dismiss and notify, webauthn:extension:credBlob: true, webauthn:extension:largeBlob: true, webauthn:extension:minPinLength: true, webauthn:extension:prf: true, webauthn:virtualAuthenticators: true}
Session ID: 25a25d21cd9035f6cd109a61388ac86e]]>
            </message>
            <full-stacktrace>
              <![CDATA[org.openqa.selenium.NoSuchElementException: no such element: Unable to locate element: {"method":"css selector","selector":"#login\-button"}
  (Session info: chrome=140.0.7339.128)
For documentation on this error, please visit: https://www.selenium.dev/documentation/webdriver/troubleshooting/errors#no-such-element-exception
Build info: version: '4.21.0', revision: '79ed462ef4'
System info: os.name: 'Windows 11', os.arch: 'amd64', os.version: '10.0', java.version: '23.0.1'
Driver info: org.openqa.selenium.chrome.ChromeDriver
Command: [25a25d21cd9035f6cd109a61388ac86e, findElement {using=id, value=login-button}]
Capabilities {acceptInsecureCerts: false, browserName: chrome, browserVersion: 140.0.7339.128, chrome: {chromedriverVersion: 140.0.7339.82 (bc93617e21c3..., userDataDir: C:\Users\ANSIB~1.RAZ\AppDat...}, fedcm:accounts: true, goog:chromeOptions: {debuggerAddress: localhost:53360}, networkConnectionEnabled: false, pageLoadStrategy: normal, platformName: windows, proxy: Proxy(), se:cdp: ws://localhost:53360/devtoo..., se:cdpVersion: 140.0.7339.128, setWindowRect: true, strictFileInteractability: false, timeouts: {implicit: 0, pageLoad: 300000, script: 30000}, unhandledPromptBehavior: dismiss and notify, webauthn:extension:credBlob: true, webauthn:extension:largeBlob: true, webauthn:extension:minPinLength: true, webauthn:extension:prf: true, webauthn:virtualAuthenticators: true}
Session ID: 25a25d21cd9035f6cd109a61388ac86e
at java.base/jdk.internal.reflect.DirectConstructorHandleAccessor.newInstance(DirectConstructorHandleAccessor.java:62)
at java.base/java.lang.reflect.Constructor.newInstanceWithCaller(Constructor.java:501)
at java.base/java.lang.reflect.Constructor.newInstance(Constructor.java:485)
at org.openqa.selenium.remote.ErrorCodec.decode(ErrorCodec.java:167)
at org.openqa.selenium.remote.codec.w3c.W3CHttpResponseCodec.decode(W3CHttpResponseCodec.java:138)
at org.openqa.selenium.remote.codec.w3c.W3CHttpResponseCodec.decode(W3CHttpResponseCodec.java:50)
at org.openqa.selenium.remote.HttpCommandExecutor.execute(HttpCommandExecutor.java:190)
at org.openqa.selenium.remote.service.DriverCommandExecutor.invokeExecute(DriverCommandExecutor.java:216)
at org.openqa.selenium.remote.service.DriverCommandExecutor.execute(DriverCommandExecutor.java:174)
at org.openqa.selenium.remote.RemoteWebDriver.execute(RemoteWebDriver.java:518)
at org.openqa.selenium.remote.ElementLocation$ElementFinder$2.findElement(ElementLocation.java:165)
at org.openqa.selenium.remote.ElementLocation.findElement(ElementLocation.java:59)
at org.openqa.selenium.remote.RemoteWebDriver.findElement(RemoteWebDriver.java:355)
at org.openqa.selenium.remote.RemoteWebDriver.findElement(RemoteWebDriver.java:349)
at pages.LoginPage.isAt(LoginPage.java:30)
at tests.LoginTest.testLoginWithValidCredentials(LoginTest.java:117)
at java.base/jdk.internal.reflect.DirectMethodHandleAccessor.invoke(DirectMethodHandleAccessor.java:103)
at java.base/java.lang.reflect.Method.invoke(Method.java:580)
at org.testng.internal.invokers.MethodInvocationHelper.invokeMethod(MethodInvocationHelper.java:141)
at org.testng.internal.invokers.TestInvoker.invokeMethod(TestInvoker.java:686)
at org.testng.internal.invokers.TestInvoker.invokeTestMethod(TestInvoker.java:230)
at org.testng.internal.invokers.MethodRunner.runInSequence(MethodRunner.java:63)
at org.testng.internal.invokers.TestInvoker$MethodInvocationAgent.invoke(TestInvoker.java:992)
at org.testng.internal.invokers.TestInvoker.invokeTestMethods(TestInvoker.java:203)
at org.testng.internal.invokers.TestMethodWorker.invokeTestMethods(TestMethodWorker.java:154)
at org.testng.internal.invokers.TestMethodWorker.run(TestMethodWorker.java:134)
at java.base/java.util.ArrayList.forEach(ArrayList.java:1597)
at org.testng.TestRunner.privateRun(TestRunner.java:739)
at org.testng.TestRunner.run(TestRunner.java:614)
at org.testng.SuiteRunner.runTest(SuiteRunner.java:421)
at org.testng.SuiteRunner.runSequentially(SuiteRunner.java:413)
at org.testng.SuiteRunner.privateRun(SuiteRunner.java:373)
at org.testng.SuiteRunner.run(SuiteRunner.java:312)
at org.testng.SuiteRunnerWorker.runSuite(SuiteRunnerWorker.java:52)
at org.testng.SuiteRunnerWorker.run(SuiteRunnerWorker.java:95)
at org.testng.TestNG.runSuitesSequentially(TestNG.java:1274)
at org.testng.TestNG.runSuitesLocally(TestNG.java:1208)
at org.testng.TestNG.runSuites(TestNG.java:1112)
at org.testng.TestNG.run(TestNG.java:1079)
at org.apache.maven.surefire.testng.TestNGExecutor.run(TestNGExecutor.java:155)
at org.apache.maven.surefire.testng.TestNGDirectoryTestSuite.executeMulti(TestNGDirectoryTestSuite.java:169)
at org.apache.maven.surefire.testng.TestNGDirectoryTestSuite.execute(TestNGDirectoryTestSuite.java:88)
at org.apache.maven.surefire.testng.TestNGProvider.invoke(TestNGProvider.java:137)
at org.apache.maven.surefire.booter.ForkedBooter.runSuitesInProcess(ForkedBooter.java:385)
at org.apache.maven.surefire.booter.ForkedBooter.execute(ForkedBooter.java:162)
at org.apache.maven.surefire.booter.ForkedBooter.run(ForkedBooter.java:507)
at org.apache.maven.surefire.booter.ForkedBooter.main(ForkedBooter.java:495)
]]>
            </full-stacktrace>
          </exception> <!-- org.openqa.selenium.NoSuchElementException -->
          <reporter-output>
          </reporter-output>
        </test-method> <!-- testLoginWithValidCredentials -->
        <test-method is-config="true" signature="tearDownClass()[pri:0, instance:tests.LoginTest@49d904ec]" started-at="2025-09-17T16:40:33 PKT" name="tearDownClass" finished-at="2025-09-17T16:40:33 PKT" duration-ms="156" status="PASS">
          <reporter-output>
          </reporter-output>
        </test-method> <!-- tearDownClass -->
      </class> <!-- tests.LoginTest -->
      <class name="tests.ProductsTest">
        <test-method is-config="true" signature="setUp()[pri:0, instance:tests.ProductsTest@418e7838]" started-at="2025-09-17T16:40:33 PKT" name="setUp" finished-at="2025-09-17T16:40:36 PKT" duration-ms="2539" status="PASS">
          <reporter-output>
          </reporter-output>
        </test-method> <!-- setUp -->
        <test-method signature="testAddItemToCart()[pri:0, instance:tests.ProductsTest@418e7838]" started-at="2025-09-17T16:40:36 PKT" name="testAddItemToCart" finished-at="2025-09-17T16:40:36 PKT" duration-ms="72" status="PASS">
          <reporter-output>
          </reporter-output>
        </test-method> <!-- testAddItemToCart -->
        <test-method is-config="true" signature="tearDown()[pri:0, instance:tests.ProductsTest@418e7838]" started-at="2025-09-17T16:40:36 PKT" name="tearDown" finished-at="2025-09-17T16:40:36 PKT" duration-ms="132" status="PASS">
          <reporter-output>
          </reporter-output>
        </test-method> <!-- tearDown -->
        <test-method is-config="true" signature="setUp()[pri:0, instance:tests.ProductsTest@418e7838]" started-at="2025-09-17T16:40:36 PKT" name="setUp" finished-at="2025-09-17T16:40:39 PKT" duration-ms="3524" status="PASS">
          <reporter-output>
          </reporter-output>
        </test-method> <!-- setUp -->
        <test-method signature="testProductsPageDisplayed()[pri:0, instance:tests.ProductsTest@418e7838]" started-at="2025-09-17T16:40:39 PKT" name="testProductsPageDisplayed" finished-at="2025-09-17T16:40:39 PKT" duration-ms="15" status="PASS">
          <reporter-output>
          </reporter-output>
        </test-method> <!-- testProductsPageDisplayed -->
        <test-method is-config="true" signature="tearDown()[pri:0, instance:tests.ProductsTest@418e7838]" started-at="2025-09-17T16:40:39 PKT" name="tearDown" finished-at="2025-09-17T16:40:40 PKT" duration-ms="375" status="PASS">
          <reporter-output>
          </reporter-output>
        </test-method> <!-- tearDown -->
      </class> <!-- tests.ProductsTest -->
    </test> <!-- Surefire test -->
  </suite> <!-- Surefire suite -->
</testng-results>
